<?xml version="1.0" encoding="UTF-8"?>
<!-- Generated by org.testng.reporters.JUnitReportReporter -->
<testsuite hostname="NHCLPT520" failures="0" tests="10" name="org.runner.Runner" time="94.396" errors="0" timestamp="31 Jan 2023 05:01:24 GMT" skipped="0">
  <testcase classname="org.runner.Runner" name="runScenario" time="0.357"/>
  <testcase classname="org.runner.Runner" name="runScenario" time="10.257"/>
  <testcase classname="org.runner.Runner" name="runScenario" time="10.241"/>
  <testcase classname="org.runner.Runner" name="runScenario" time="12.314"/>
  <testcase classname="org.runner.Runner" name="runScenario" time="0.058"/>
  <testcase classname="org.runner.Runner" name="runScenario" time="8.405"/>
  <testcase classname="org.runner.Runner" name="runScenario" time="13.883"/>
  <testcase classname="org.runner.Runner" name="runScenario" time="16.333"/>
  <testcase classname="org.runner.Runner" name="runScenario" time="12.374"/>
  <testcase classname="org.runner.Runner" name="runScenario" time="10.174"/>
</testsuite> <!-- org.runner.Runner -->
